2019-07-04 14:03:29.410 [restartedMain] INFO  com.ccic.payroll.PayrollApplication: Starting PayrollApplication on DESKTOP-GV5EMI5 with PID 5732 (E:\JavaProject\payroll\target\classes started by jtzhtc20190702-01 in E:\JavaProject\payroll)
2019-07-04 14:03:29.421 [restartedMain] INFO  com.ccic.payroll.PayrollApplication: No active profile set, falling back to default profiles: default
2019-07-04 14:03:29.616 [restartedMain] INFO  o.s.b.d.env.DevToolsPropertyDefaultsPostProcessor: Devtools property defaults active! Set 'spring.devtools.add-properties' to 'false' to disable
2019-07-04 14:03:29.616 [restartedMain] INFO  o.s.b.d.env.DevToolsPropertyDefaultsPostProcessor: For additional web related logging consider setting the 'logging.level.web' property to 'DEBUG'
2019-07-04 14:03:32.279 [restartedMain] INFO  o.s.boot.web.embedded.tomcat.TomcatWebServer: Tomcat initialized with port(s): 8081 (http)
2019-07-04 14:03:32.320 [restartedMain] INFO  org.apache.coyote.http11.Http11NioProtocol: Initializing ProtocolHandler ["http-nio-8081"]
2019-07-04 14:03:32.356 [restartedMain] INFO  org.apache.catalina.core.StandardService: Starting service [Tomcat]
2019-07-04 14:03:32.357 [restartedMain] INFO  org.apache.catalina.core.StandardEngine: Starting Servlet engine: [Apache Tomcat/9.0.21]
2019-07-04 14:03:32.760 [restartedMain] INFO  o.a.c.core.ContainerBase.[Tomcat].[localhost].[/]: Initializing Spring embedded WebApplicationContext
2019-07-04 14:03:32.760 [restartedMain] INFO  org.springframework.web.context.ContextLoader: Root WebApplicationContext: initialization completed in 3143 ms
2019-07-04 14:03:32.901 [restartedMain] INFO  com.ccic.payroll.dbutil.MySQLDataSource: 本地数据源1.......192.168.1.250  123456
2019-07-04 14:03:32.939 [restartedMain] INFO  com.ccic.payroll.dbutil.MySQLDataSource: 远程数据源2.......118.122.120.166  a123456A!
2019-07-04 14:03:33.293 [restartedMain] INFO  o.s.security.web.DefaultSecurityFilterChain: Creating filter chain: any request, [org.springframework.security.web.context.request.async.WebAsyncManagerIntegrationFilter@8992aaf, org.springframework.security.web.context.SecurityContextPersistenceFilter@4e051854, org.springframework.security.web.header.HeaderWriterFilter@640f82a1, org.springframework.security.web.authentication.logout.LogoutFilter@59c12aa, com.ccic.payroll.authentication.AlertAuthenticationFilter@1b6b5360, org.springframework.security.web.authentication.UsernamePasswordAuthenticationFilter@38584105, org.springframework.security.web.savedrequest.RequestCacheAwareFilter@18c5bf5, org.springframework.security.web.servletapi.SecurityContextHolderAwareRequestFilter@2d3b3221, org.springframework.security.web.authentication.AnonymousAuthenticationFilter@59932915, org.springframework.security.web.session.SessionManagementFilter@469d7f17, org.springframework.security.web.access.ExceptionTranslationFilter@915d7ed, org.springframework.security.web.access.intercept.FilterSecurityInterceptor@53432101]
2019-07-04 14:03:33.548 [restartedMain] INFO  o.s.scheduling.concurrent.ThreadPoolTaskExecutor: Initializing ExecutorService 'applicationTaskExecutor'
2019-07-04 14:03:33.798 [restartedMain] INFO  o.s.b.a.web.servlet.WelcomePageHandlerMapping: Adding welcome page template: index
2019-07-04 14:03:33.960 [restartedMain] INFO  o.s.scheduling.concurrent.ThreadPoolTaskScheduler: Initializing ExecutorService 'taskScheduler'
2019-07-04 14:03:34.266 [restartedMain] INFO  o.s.b.d.autoconfigure.OptionalLiveReloadServer: LiveReload server is running on port 35729
2019-07-04 14:03:34.344 [restartedMain] INFO  org.apache.coyote.http11.Http11NioProtocol: Starting ProtocolHandler ["http-nio-8081"]
2019-07-04 14:03:34.392 [restartedMain] INFO  o.s.boot.web.embedded.tomcat.TomcatWebServer: Tomcat started on port(s): 8081 (http) with context path ''
2019-07-04 14:03:34.400 [restartedMain] INFO  com.ccic.payroll.PayrollApplication: Started PayrollApplication in 6.259 seconds (JVM running for 10.133)
2019-07-04 14:03:36.830 [http-nio-8081-exec-1] INFO  o.a.c.core.ContainerBase.[Tomcat].[localhost].[/]: Initializing Spring DispatcherServlet 'dispatcherServlet'
2019-07-04 14:03:36.831 [http-nio-8081-exec-1] INFO  org.springframework.web.servlet.DispatcherServlet: Initializing Servlet 'dispatcherServlet'
2019-07-04 14:03:36.836 [http-nio-8081-exec-1] INFO  org.springframework.web.servlet.DispatcherServlet: Completed initialization in 5 ms
2019-07-04 14:03:43.580 [http-nio-8081-exec-9] INFO  c.c.p.authentication.AlertAuthenticationProvider: authenticate................
2019-07-04 14:03:43.581 [http-nio-8081-exec-9] INFO  c.c.p.a.AlertAuthenticationProviderDao: SELECT * FROM hrcp_biz_510100.user where user_status = 1 and user_name = 'admin' and  password = '21232f297a57a5a743894a0e4a801fc3'
2019-07-04 14:03:43.581 [http-nio-8081-exec-9] INFO  com.ccic.payroll.dbutil.MySQLDBHelper: getNumActive:0  getNumIdle:0
2019-07-04 14:03:47.439 [http-nio-8081-exec-9] INFO  com.ccic.payroll.service.PayrollService: getUserInfo SQL:SELECT work_month, user_name, real_name, org_id, salary1, salary2, salary3 , salary4, salary5, salary6, total_salary FROM hrcp_biz_510100.user_salary where work_month = '2019-06' and 1=1 and 1=1  limit 0,100
2019-07-04 14:03:47.439 [http-nio-8081-exec-9] INFO  com.ccic.payroll.dbutil.MySQLDBHelper: getNumActive:0  getNumIdle:8
2019-07-04 14:03:47.446 [http-nio-8081-exec-9] INFO  com.ccic.payroll.service.PayrollService: get salary info failure:no info
2019-07-04 14:03:49.891 [http-nio-8081-exec-10] INFO  com.ccic.payroll.service.PayrollService: getUserInfo SQL:SELECT work_month, user_name, real_name, org_id, salary1, salary2, salary3 , salary4, salary5, salary6, total_salary FROM hrcp_biz_510100.user_salary where work_month = '2019-06' and 1=1 and 1=1  limit 0,100
2019-07-04 14:03:49.891 [http-nio-8081-exec-10] INFO  com.ccic.payroll.dbutil.MySQLDBHelper: getNumActive:0  getNumIdle:8
2019-07-04 14:03:49.899 [http-nio-8081-exec-10] INFO  com.ccic.payroll.service.PayrollService: get salary info failure:no info
2019-07-04 14:03:50.955 [http-nio-8081-exec-6] INFO  com.ccic.payroll.service.PayrollService: getUserInfo SQL:SELECT work_month, user_name, real_name, org_id, salary1, salary2, salary3 , salary4, salary5, salary6, total_salary FROM hrcp_biz_510100.user_salary where work_month = '2019-06' and 1=1 and 1=1  limit 0,100
2019-07-04 14:03:50.955 [http-nio-8081-exec-6] INFO  com.ccic.payroll.dbutil.MySQLDBHelper: getNumActive:0  getNumIdle:8
2019-07-04 14:03:50.961 [http-nio-8081-exec-6] INFO  com.ccic.payroll.service.PayrollService: get salary info failure:no info
2019-07-04 14:03:51.658 [http-nio-8081-exec-5] INFO  com.ccic.payroll.service.PayrollService: getUserInfo SQL:SELECT work_month, user_name, real_name, org_id, salary1, salary2, salary3 , salary4, salary5, salary6, total_salary FROM hrcp_biz_510100.user_salary where work_month = '2019-06' and 1=1 and 1=1  limit 0,100
2019-07-04 14:03:51.658 [http-nio-8081-exec-5] INFO  com.ccic.payroll.dbutil.MySQLDBHelper: getNumActive:0  getNumIdle:8
2019-07-04 14:03:51.665 [http-nio-8081-exec-5] INFO  com.ccic.payroll.service.PayrollService: get salary info failure:no info
2019-07-04 14:03:52.362 [http-nio-8081-exec-3] INFO  com.ccic.payroll.service.PayrollService: getUserInfo SQL:SELECT work_month, user_name, real_name, org_id, salary1, salary2, salary3 , salary4, salary5, salary6, total_salary FROM hrcp_biz_510100.user_salary where work_month = '2019-06' and 1=1 and 1=1  limit 0,100
2019-07-04 14:03:52.363 [http-nio-8081-exec-3] INFO  com.ccic.payroll.dbutil.MySQLDBHelper: getNumActive:0  getNumIdle:8
2019-07-04 14:03:52.370 [http-nio-8081-exec-3] INFO  com.ccic.payroll.service.PayrollService: get salary info failure:no info
2019-07-04 14:05:08.520 [http-nio-8081-exec-5] INFO  com.ccic.payroll.service.PayrollService: getUserInfo SQL:SELECT work_month, user_name, real_name, org_id, salary1, salary2, salary3 , salary4, salary5, salary6, total_salary FROM hrcp_biz_510100.user_salary where work_month = '2019-06' and 1=1 and 1=1  limit 0,100
2019-07-04 14:05:08.520 [http-nio-8081-exec-5] INFO  com.ccic.payroll.dbutil.MySQLDBHelper: getNumActive:0  getNumIdle:8
2019-07-04 14:05:08.536 [http-nio-8081-exec-5] INFO  com.ccic.payroll.service.PayrollService: get salary info failure:no info
2019-07-04 14:05:13.672 [http-nio-8081-exec-3] INFO  com.ccic.payroll.service.PayrollService: getUserInfo SQL:SELECT B.work_month, A.user_name, A.real_name, A.org_id, B.task, B.work_days, B.work_type , A.level, A.work_age, A.enter_date, A.rework FROM hrcp_biz_510100.user_basic_info AS A LEFT JOIN hrcp_biz_510100.user_work_info AS B on A.id = B.id where B.work_month = '2019-06' and 1=1 and 1=1  limit 0,100
2019-07-04 14:05:13.672 [http-nio-8081-exec-3] INFO  com.ccic.payroll.dbutil.MySQLDBHelper: getNumActive:0  getNumIdle:8
2019-07-04 14:05:13.696 [http-nio-8081-exec-3] INFO  com.ccic.payroll.service.PayrollService: get user info success
2019-07-04 14:06:16.329 [restartedMain] INFO  com.ccic.payroll.PayrollApplication: Starting PayrollApplication on DESKTOP-GV5EMI5 with PID 12564 (E:\JavaProject\payroll\target\classes started by jtzhtc20190702-01 in E:\JavaProject\payroll)
2019-07-04 14:06:16.345 [restartedMain] INFO  com.ccic.payroll.PayrollApplication: No active profile set, falling back to default profiles: default
2019-07-04 14:06:16.515 [restartedMain] INFO  o.s.b.d.env.DevToolsPropertyDefaultsPostProcessor: Devtools property defaults active! Set 'spring.devtools.add-properties' to 'false' to disable
2019-07-04 14:06:16.516 [restartedMain] INFO  o.s.b.d.env.DevToolsPropertyDefaultsPostProcessor: For additional web related logging consider setting the 'logging.level.web' property to 'DEBUG'
2019-07-04 14:06:19.568 [restartedMain] INFO  o.s.boot.web.embedded.tomcat.TomcatWebServer: Tomcat initialized with port(s): 8081 (http)
2019-07-04 14:06:19.587 [restartedMain] INFO  org.apache.coyote.http11.Http11NioProtocol: Initializing ProtocolHandler ["http-nio-8081"]
2019-07-04 14:06:19.598 [restartedMain] INFO  org.apache.catalina.core.StandardService: Starting service [Tomcat]
2019-07-04 14:06:19.599 [restartedMain] INFO  org.apache.catalina.core.StandardEngine: Starting Servlet engine: [Apache Tomcat/9.0.21]
2019-07-04 14:06:19.823 [restartedMain] INFO  o.a.c.core.ContainerBase.[Tomcat].[localhost].[/]: Initializing Spring embedded WebApplicationContext
2019-07-04 14:06:19.823 [restartedMain] INFO  org.springframework.web.context.ContextLoader: Root WebApplicationContext: initialization completed in 3305 ms
2019-07-04 14:06:19.908 [restartedMain] INFO  com.ccic.payroll.dbutil.MySQLDataSource: 本地数据源1.......192.168.1.250  123456
2019-07-04 14:06:19.930 [restartedMain] INFO  com.ccic.payroll.dbutil.MySQLDataSource: 远程数据源2.......118.122.120.166  a123456A!
2019-07-04 14:06:20.159 [restartedMain] INFO  o.s.security.web.DefaultSecurityFilterChain: Creating filter chain: any request, [org.springframework.security.web.context.request.async.WebAsyncManagerIntegrationFilter@3287293d, org.springframework.security.web.context.SecurityContextPersistenceFilter@987cb5f, org.springframework.security.web.header.HeaderWriterFilter@4bbb707, org.springframework.security.web.authentication.logout.LogoutFilter@7059fa8c, com.ccic.payroll.authentication.AlertAuthenticationFilter@27219334, org.springframework.security.web.authentication.UsernamePasswordAuthenticationFilter@77bcf51b, org.springframework.security.web.savedrequest.RequestCacheAwareFilter@58f33dd4, org.springframework.security.web.servletapi.SecurityContextHolderAwareRequestFilter@4f4f305a, org.springframework.security.web.authentication.AnonymousAuthenticationFilter@63b3b588, org.springframework.security.web.session.SessionManagementFilter@50b0d0cc, org.springframework.security.web.access.ExceptionTranslationFilter@56f8ea29, org.springframework.security.web.access.intercept.FilterSecurityInterceptor@3ba6e404]
2019-07-04 14:06:20.301 [restartedMain] INFO  o.s.scheduling.concurrent.ThreadPoolTaskExecutor: Initializing ExecutorService 'applicationTaskExecutor'
2019-07-04 14:06:20.449 [restartedMain] INFO  o.s.b.a.web.servlet.WelcomePageHandlerMapping: Adding welcome page template: index
2019-07-04 14:06:20.572 [restartedMain] INFO  o.s.scheduling.concurrent.ThreadPoolTaskScheduler: Initializing ExecutorService 'taskScheduler'
2019-07-04 14:06:20.648 [restartedMain] INFO  o.s.b.d.autoconfigure.OptionalLiveReloadServer: LiveReload server is running on port 35729
2019-07-04 14:06:20.693 [restartedMain] INFO  org.apache.coyote.http11.Http11NioProtocol: Starting ProtocolHandler ["http-nio-8081"]
2019-07-04 14:06:20.720 [restartedMain] INFO  o.s.boot.web.embedded.tomcat.TomcatWebServer: Tomcat started on port(s): 8081 (http) with context path ''
2019-07-04 14:06:20.725 [restartedMain] INFO  com.ccic.payroll.PayrollApplication: Started PayrollApplication in 5.321 seconds (JVM running for 7.869)
2019-07-04 14:06:21.268 [http-nio-8081-exec-1] INFO  o.a.c.core.ContainerBase.[Tomcat].[localhost].[/]: Initializing Spring DispatcherServlet 'dispatcherServlet'
2019-07-04 14:06:21.268 [http-nio-8081-exec-1] INFO  org.springframework.web.servlet.DispatcherServlet: Initializing Servlet 'dispatcherServlet'
2019-07-04 14:06:21.274 [http-nio-8081-exec-1] INFO  org.springframework.web.servlet.DispatcherServlet: Completed initialization in 6 ms
2019-07-04 14:06:23.652 [http-nio-8081-exec-5] INFO  c.c.p.authentication.AlertAuthenticationProvider: authenticate................
2019-07-04 14:06:23.654 [http-nio-8081-exec-5] INFO  c.c.p.a.AlertAuthenticationProviderDao: SELECT * FROM hrcp_biz_510100.user where user_status = 1 and user_name = 'admin' and  password = '21232f297a57a5a743894a0e4a801fc3'
2019-07-04 14:06:23.655 [http-nio-8081-exec-5] INFO  com.ccic.payroll.dbutil.MySQLDBHelper: getNumActive:0  getNumIdle:0
2019-07-04 14:06:26.029 [http-nio-8081-exec-1] INFO  com.ccic.payroll.service.PayrollService: getUserInfo SQL:SELECT work_month, user_name, real_name, org_id, salary1, salary2, salary3 , salary4, salary5, salary6, total_salary FROM hrcp_biz_510100.user_salary where work_month = '2019-06' and 1=1 and 1=1  limit 0,100
2019-07-04 14:06:26.030 [http-nio-8081-exec-1] INFO  com.ccic.payroll.dbutil.MySQLDBHelper: getNumActive:0  getNumIdle:8
2019-07-04 14:06:26.036 [http-nio-8081-exec-1] INFO  com.ccic.payroll.service.PayrollService: get salary info failure:no info
2019-07-04 14:06:29.600 [http-nio-8081-exec-4] INFO  com.ccic.payroll.dbutil.MySQLDBHelper: CALL getWorkDaysMoney
2019-07-04 14:06:29.601 [http-nio-8081-exec-4] INFO  com.ccic.payroll.dbutil.MySQLDBHelper: getConnection......
2019-07-04 14:06:29.601 [http-nio-8081-exec-4] INFO  com.ccic.payroll.dbutil.MySQLDBHelper: getNumActive:0  getNumIdle:8
2019-07-04 14:06:29.604 [http-nio-8081-exec-4] INFO  com.ccic.payroll.dbutil.MySQLDBHelper: prepareCall......
2019-07-04 14:06:29.709 [http-nio-8081-exec-4] INFO  com.ccic.payroll.dbutil.MySQLDBHelper: CALL calSalary
2019-07-04 14:06:29.709 [http-nio-8081-exec-4] INFO  com.ccic.payroll.dbutil.MySQLDBHelper: getConnection......
2019-07-04 14:06:29.710 [http-nio-8081-exec-4] INFO  com.ccic.payroll.dbutil.MySQLDBHelper: getNumActive:0  getNumIdle:8
2019-07-04 14:06:29.713 [http-nio-8081-exec-4] INFO  com.ccic.payroll.dbutil.MySQLDBHelper: prepareCall......
2019-07-04 14:06:29.742 [http-nio-8081-exec-4] INFO  com.ccic.payroll.service.PayrollService: insertWorkInfo SQL:INSERT INTO hrcp_biz_510100.user_work_info SELECT id, '2019-08', task, 0, work_days, 0, 0, work_type FROM hrcp_biz_510100.user_work_info WHERE hrcp_biz_510100.user_work_info.work_month = '2019-07'
2019-07-04 14:06:29.742 [http-nio-8081-exec-4] INFO  com.ccic.payroll.dbutil.MySQLDBHelper: getNumActive:0  getNumIdle:8
2019-07-04 14:06:29.750 [http-nio-8081-exec-4] INFO  com.ccic.payroll.service.PayrollService: insert work info success
2019-07-04 14:06:43.885 [http-nio-8081-exec-3] INFO  com.ccic.payroll.service.PayrollService: getUserInfo SQL:SELECT work_month, user_name, real_name, org_id, salary1, salary2, salary3 , salary4, salary5, salary6, total_salary FROM hrcp_biz_510100.user_salary where work_month = '2019-06' and 1=1 and 1=1  limit 0,100
2019-07-04 14:06:43.885 [http-nio-8081-exec-3] INFO  com.ccic.payroll.dbutil.MySQLDBHelper: getNumActive:0  getNumIdle:8
2019-07-04 14:06:43.898 [http-nio-8081-exec-3] INFO  com.ccic.payroll.service.PayrollService: get salary info failure:no info
2019-07-04 14:06:52.128 [http-nio-8081-exec-9] INFO  com.ccic.payroll.service.PayrollService: getUserInfo SQL:SELECT work_month, user_name, real_name, org_id, salary1, salary2, salary3 , salary4, salary5, salary6, total_salary FROM hrcp_biz_510100.user_salary where work_month = '2019-06' and 1=1 and 1=1  limit 0,100
2019-07-04 14:06:52.128 [http-nio-8081-exec-9] INFO  com.ccic.payroll.dbutil.MySQLDBHelper: getNumActive:0  getNumIdle:8
2019-07-04 14:06:52.134 [http-nio-8081-exec-9] INFO  com.ccic.payroll.service.PayrollService: get salary info failure:no info
2019-07-04 14:16:13.645 [http-nio-8081-exec-1] INFO  com.ccic.payroll.service.PayrollService: getUserInfo SQL:SELECT work_month, user_name, real_name, org_id, salary1, salary2, salary3 , salary4, salary5, salary6, total_salary FROM hrcp_biz_510100.user_salary where work_month = '2019-06' and 1=1 and 1=1  limit 0,100
2019-07-04 14:16:13.645 [http-nio-8081-exec-1] INFO  com.ccic.payroll.dbutil.MySQLDBHelper: getNumActive:0  getNumIdle:8
2019-07-04 14:16:13.680 [http-nio-8081-exec-1] INFO  com.ccic.payroll.service.PayrollService: get salary info success
2019-07-04 14:16:18.789 [http-nio-8081-exec-4] INFO  com.ccic.payroll.home.HomeRestController: exportSalaryXls........
2019-07-04 14:16:19.755 [http-nio-8081-exec-4] INFO  com.ccic.payroll.service.PayrollService: getUserInfo SQL:SELECT work_month, user_name, real_name, org_id, salary1, salary2, salary3 , salary4, salary5, salary6, total_salary FROM hrcp_biz_510100.user_salary where work_month = '2019-06' and 1=1 and 1=1  limit 0,10000
2019-07-04 14:16:19.756 [http-nio-8081-exec-4] INFO  com.ccic.payroll.dbutil.MySQLDBHelper: getNumActive:0  getNumIdle:8
2019-07-04 14:16:19.922 [http-nio-8081-exec-4] INFO  com.ccic.payroll.service.PayrollService: get salary info success
